0 info it worked if it ends with ok
1 verbose cli [ '/home/adrian/.nvm/versions/node/v5.11.1/bin/node',
1 verbose cli   '/home/adrian/.nvm/versions/node/v5.11.1/bin/npm',
1 verbose cli   'run',
1 verbose cli   'test' ]
2 info using npm@3.8.6
3 info using node@v5.11.1
4 verbose run-script [ 'pretest', 'test', 'posttest' ]
5 info lifecycle setimmediate2@2.0.1~pretest: setimmediate2@2.0.1
6 silly lifecycle setimmediate2@2.0.1~pretest: no script for pretest, continuing
7 info lifecycle setimmediate2@2.0.1~test: setimmediate2@2.0.1
8 verbose lifecycle setimmediate2@2.0.1~test: unsafe-perm in lifecycle true
9 verbose lifecycle setimmediate2@2.0.1~test: PATH: /home/adrian/.nvm/versions/node/v5.11.1/lib/node_modules/npm/bin/node-gyp-bin:/media/adrian/Vault/Dev/github/setImmediate/node_modules/.bin:/home/adrian/.nvm/versions/node/v5.11.1/bin:/home/adrian/.nvm/versions/node/v5.11.1/bin:/home/adrian/bin:/usr/local/sbin:/usr/local/bin:/usr/sbin:/usr/bin:/sbin:/bin:/usr/games:/usr/local/games:/snap/bin
10 verbose lifecycle setimmediate2@2.0.1~test: CWD: /media/adrian/Vault/Dev/github/setImmediate
11 silly lifecycle setimmediate2@2.0.1~test: Args: [ '-c', 'make test' ]
12 silly lifecycle setimmediate2@2.0.1~test: Returned: code: 2  signal: null
13 info lifecycle setimmediate2@2.0.1~test: Failed to exec test script
14 verbose stack Error: setimmediate2@2.0.1 test: `make test`
14 verbose stack Exit status 2
14 verbose stack     at EventEmitter.<anonymous> (/home/adrian/.nvm/versions/node/v5.11.1/lib/node_modules/npm/lib/utils/lifecycle.js:239:16)
14 verbose stack     at emitTwo (events.js:100:13)
14 verbose stack     at EventEmitter.emit (events.js:185:7)
14 verbose stack     at ChildProcess.<anonymous> (/home/adrian/.nvm/versions/node/v5.11.1/lib/node_modules/npm/lib/utils/spawn.js:24:14)
14 verbose stack     at emitTwo (events.js:100:13)
14 verbose stack     at ChildProcess.emit (events.js:185:7)
14 verbose stack     at maybeClose (internal/child_process.js:850:16)
14 verbose stack     at Process.ChildProcess._handle.onexit (internal/child_process.js:215:5)
15 verbose pkgid setimmediate2@2.0.1
16 verbose cwd /media/adrian/Vault/Dev/github/setImmediate
17 error Linux 4.4.0-31-generic
18 error argv "/home/adrian/.nvm/versions/node/v5.11.1/bin/node" "/home/adrian/.nvm/versions/node/v5.11.1/bin/npm" "run" "test"
19 error node v5.11.1
20 error npm  v3.8.6
21 error code ELIFECYCLE
22 error setimmediate2@2.0.1 test: `make test`
22 error Exit status 2
23 error Failed at the setimmediate2@2.0.1 test script 'make test'.
23 error Make sure you have the latest version of node.js and npm installed.
23 error If you do, this is most likely a problem with the setimmediate2 package,
23 error not with npm itself.
23 error Tell the author that this fails on your system:
23 error     make test
23 error You can get information on how to open an issue for this project with:
23 error     npm bugs setimmediate2
23 error Or if that isn't available, you can get their info via:
23 error     npm owner ls setimmediate2
23 error There is likely additional logging output above.
24 verbose exit [ 1, true ]
